[debug] [2025-02-15T16:02:09.336Z] ----------------------------------------------------------------------
[debug] [2025-02-15T16:02:09.343Z] Command:       C:\Program Files\nodejs\node.exe C:\Users\rajat singh\AppData\Roaming\npm\node_modules\firebase-tools\lib\bin\firebase.js init
[debug] [2025-02-15T16:02:09.344Z] CLI Version:   13.31.1
[debug] [2025-02-15T16:02:09.345Z] Platform:      win32
[debug] [2025-02-15T16:02:09.345Z] Node Version:  v20.10.0
[debug] [2025-02-15T16:02:09.345Z] Time:          Sat Feb 15 2025 21:32:09 GMT+0530 (India Standard Time)
[debug] [2025-02-15T16:02:09.345Z] ----------------------------------------------------------------------
[debug] 
[debug] [2025-02-15T16:02:09.363Z] > command requires scopes: ["email","openid","https://www.googleapis.com/auth/cloudplatformprojects.readonly","https://www.googleapis.com/auth/firebase","https://www.googleapis.com/auth/cloud-platform"]
[debug] [2025-02-15T16:02:09.365Z] > authorizing via signed-in user (rajatsinghrajawatrajawat@gmail.com)
[info] 
     ######## #### ########  ######## ########     ###     ######  ########
     ##        ##  ##     ## ##       ##     ##  ##   ##  ##       ##
     ######    ##  ########  ######   ########  #########  ######  ######
     ##        ##  ##    ##  ##       ##     ## ##     ##       ## ##
     ##       #### ##     ## ######## ########  ##     ##  ######  ########

You're about to initialize a Firebase project in this directory:

  C:\Users\rajat singh\Desktop\maanvi\project~001\Electric

[info] 
=== Project Setup
[info] 
[info] First, let's associate this project directory with a Firebase project.
[info] You can create multiple project aliases by running firebase use --add, 
[info] but for now we'll just set up a default project.
[info] 
[debug] [2025-02-15T16:02:34.503Z] Checked if tokens are valid: true, expires at: 1739638890516
[debug] [2025-02-15T16:02:34.504Z] Checked if tokens are valid: true, expires at: 1739638890516
[debug] [2025-02-15T16:02:34.509Z] >>> [apiv2][query] GET https://firebase.googleapis.com/v1beta1/projects pageSize=100
[debug] [2025-02-15T16:02:35.366Z] <<< [apiv2][status] GET https://firebase.googleapis.com/v1beta1/projects 200
[debug] [2025-02-15T16:02:35.366Z] <<< [apiv2][body] GET https://firebase.googleapis.com/v1beta1/projects [omitted]
[debug] [2025-02-15T16:03:04.335Z] ----------------------------------------------------------------------
[debug] [2025-02-15T16:03:04.341Z] Command:       C:\Program Files\nodejs\node.exe C:\Users\rajat singh\AppData\Roaming\npm\node_modules\firebase-tools\lib\bin\firebase.js init
[debug] [2025-02-15T16:03:04.342Z] CLI Version:   13.31.1
[debug] [2025-02-15T16:03:04.343Z] Platform:      win32
[debug] [2025-02-15T16:03:04.343Z] Node Version:  v20.10.0
[debug] [2025-02-15T16:03:04.343Z] Time:          Sat Feb 15 2025 21:33:04 GMT+0530 (India Standard Time)
[debug] [2025-02-15T16:03:04.343Z] ----------------------------------------------------------------------
[debug] 
[debug] [2025-02-15T16:03:04.360Z] > command requires scopes: ["email","openid","https://www.googleapis.com/auth/cloudplatformprojects.readonly","https://www.googleapis.com/auth/firebase","https://www.googleapis.com/auth/cloud-platform"]
[debug] [2025-02-15T16:03:04.361Z] > authorizing via signed-in user (rajatsinghrajawatrajawat@gmail.com)
[info] 
     ######## #### ########  ######## ########     ###     ######  ########
     ##        ##  ##     ## ##       ##     ##  ##   ##  ##       ##
     ######    ##  ########  ######   ########  #########  ######  ######
     ##        ##  ##    ##  ##       ##     ## ##     ##       ## ##
     ##       #### ##     ## ######## ########  ##     ##  ######  ########

You're about to initialize a Firebase project in this directory:

  C:\Users\rajat singh\Desktop\maanvi\project~001\Electric

[info] 
=== Project Setup
[info] 
[info] First, let's associate this project directory with a Firebase project.
[info] You can create multiple project aliases by running firebase use --add, 
[info] but for now we'll just set up a default project.
[info] 
[info] i  If you want to create a project in a Google Cloud organization or folder, please use "firebase projects:create" instead, and return to this command when you've created the project. 
[debug] [2025-02-15T16:03:54.708Z] Checked if tokens are valid: true, expires at: 1739638890516
[debug] [2025-02-15T16:03:54.709Z] Checked if tokens are valid: true, expires at: 1739638890516
[debug] [2025-02-15T16:03:54.714Z] >>> [apiv2][query] POST https://cloudresourcemanager.googleapis.com/v1/projects [none]
[debug] [2025-02-15T16:03:54.715Z] >>> [apiv2][body] POST https://cloudresourcemanager.googleapis.com/v1/projects {"projectId":"maanvienterprises","name":"8005736471"}
[debug] [2025-02-15T16:03:57.190Z] <<< [apiv2][status] POST https://cloudresourcemanager.googleapis.com/v1/projects 200
[debug] [2025-02-15T16:03:57.191Z] <<< [apiv2][body] POST https://cloudresourcemanager.googleapis.com/v1/projects {"name":"operations/cp.4966800679629327442"}
[debug] [2025-02-15T16:03:57.193Z] Checked if tokens are valid: true, expires at: 1739638890516
[debug] [2025-02-15T16:03:57.193Z] Checked if tokens are valid: true, expires at: 1739638890516
[debug] [2025-02-15T16:03:57.194Z] >>> [apiv2][query] GET https://cloudresourcemanager.googleapis.com/v1/operations/cp.4966800679629327442 [none]
[debug] [2025-02-15T16:03:58.910Z] <<< [apiv2][status] GET https://cloudresourcemanager.googleapis.com/v1/operations/cp.4966800679629327442 200
[debug] [2025-02-15T16:03:58.910Z] <<< [apiv2][body] GET https://cloudresourcemanager.googleapis.com/v1/operations/cp.4966800679629327442 {"name":"operations/cp.4966800679629327442","metadata":{"@type":"type.googleapis.com/google.cloudresourcemanager.v1.ProjectCreationStatus","ready":true},"done":true,"error":{"code":8,"message":"The project cannot be created because you have exceeded your allotted project quota.","details":[{"@type":"type.googleapis.com/google.rpc.QuotaFailure","violations":[{"description":"The project cannot be created because you have exceeded your allotted project quota."}]}]}}
[debug] [2025-02-15T16:03:59.449Z] FirebaseError: The project cannot be created because you have exceeded your allotted project quota.
    at OperationPoller.poll (C:\Users\rajat singh\AppData\Roaming\npm\node_modules\firebase-tools\lib\operation-poller.js:24:19)
    at process.processTicksAndRejections (node:internal/process/task_queues:95:5)
    at async createCloudProject (C:\Users\rajat singh\AppData\Roaming\npm\node_modules\firebase-tools\lib\management\projects.js:213:29)
    at async createFirebaseProjectAndLog (C:\Users\rajat singh\AppData\Roaming\npm\node_modules\firebase-tools\lib\management\projects.js:71:9)
    at async promptAndCreateNewProject (C:\Users\rajat singh\AppData\Roaming\npm\node_modules\firebase-tools\lib\init\features\project.js:32:12)
    at async doSetup (C:\Users\rajat singh\AppData\Roaming\npm\node_modules\firebase-tools\lib\init\features\project.js:89:27)
    at async init (C:\Users\rajat singh\AppData\Roaming\npm\node_modules\firebase-tools\lib\init\index.js:41:9)
[error] 
[error] Error: Failed to create project. See firebase-debug.log for more info.
